[2025-06-21 17:59:47] ERROR - FileNotFoundError
  Mensaje: El archivo no se encontro en el directorio especificado.
  Archivo solicitado: archivo_que_no_existe.txt
  Ruta completa: ./Storage\archivo_que_no_existe.txt
  Directorio de trabajo: ./Storage
--------------------------------------------------

[2025-06-21 17:59:47] ERROR - ValueError
  Mensaje: El nombre del archivo es requerido.
  Directorio de trabajo: ./Storage
--------------------------------------------------

[2025-06-21 17:59:47] ERROR - ValueError
  Mensaje: El contenido es requerido.
  Archivo solicitado: test_file
  Directorio de trabajo: ./Storage
--------------------------------------------------

[2025-06-21 18:03:00] ERROR - FileNotFoundError
  Mensaje: El archivo no se encontro en el directorio especificado.
  Archivo solicitado: no_existe.txt
  Ruta completa: ./Storage\no_existe.txt
  Directorio de trabajo: ./Storage
--------------------------------------------------

