[2025-06-21 18:04:02] ERROR - FileNotFoundError
  Mensaje: El archivo no se encontro en el directorio especificado.
  Archivo solicitado: archivo_inexistente.txt
  Ruta completa: ./Storage\archivo_inexistente.txt
  Directorio de trabajo: ./Storage
--------------------------------------------------

[2025-06-21 18:04:45] ERROR - ValueError
  Mensaje: El nombre del archivo es requerido.
  Directorio de trabajo: ./Storage
--------------------------------------------------

[2025-06-21 18:17:30] ERROR - FileNotFoundError
  Mensaje: El archivo no se encontro en el directorio especificado.
  Archivo solicitado: archivo_que_no_existe.txt
  Ruta completa: ./Storage\archivo_que_no_existe.txt
  Directorio de trabajo: ./Storage
--------------------------------------------------

[2025-06-21 18:17:30] ERROR - ValueError
  Mensaje: El nombre del archivo es requerido.
  Directorio de trabajo: ./Storage
--------------------------------------------------

[2025-06-21 18:17:30] ERROR - ValueError
  Mensaje: El contenido es requerido.
  Archivo solicitado: test_file
  Directorio de trabajo: ./Storage
--------------------------------------------------

